<?xml version="1.0" encoding="UTF-8"?>
<testng-results skipped="0" failed="0" ignored="0" total="1" passed="1">
  <reporter-output>
  </reporter-output>
  <suite name="Suite" duration-ms="91" started-at="2021-11-28T19:36:52 IST" finished-at="2021-11-28T19:36:52 IST">
    <groups>
    </groups>
    <test name="Test" duration-ms="91" started-at="2021-11-28T19:36:52 IST" finished-at="2021-11-28T19:36:52 IST">
      <class name="demo1.mavenprojectdemo.MavenDemo2">
        <test-method status="PASS" signature="addition()[pri:0, instance:demo1.mavenprojectdemo.MavenDemo2@31610302]" name="addition" duration-ms="11" started-at="2021-11-28T19:36:52 IST" finished-at="2021-11-28T19:36:52 IST">
          <reporter-output>
          </reporter-output>
        </test-method> <!-- addition -->
      </class> <!-- demo1.mavenprojectdemo.MavenDemo2 -->
    </test> <!-- Test -->
  </suite> <!-- Suite -->
</testng-results>
