<?xml version="1.0" encoding="UTF-8"?>
<testng-results skipped="0" failed="0" ignored="0" total="1" passed="1">
  <reporter-output>
  </reporter-output>
  <suite name="Suite" duration-ms="162" started-at="2021-11-27T15:07:44 IST" finished-at="2021-11-27T15:07:44 IST">
    <groups>
    </groups>
    <test name="Test" duration-ms="162" started-at="2021-11-27T15:07:44 IST" finished-at="2021-11-27T15:07:44 IST">
      <class name="demo1.mavenprojectdemo.NewGitProject">
        <test-method status="PASS" signature="pro()[pri:0, instance:demo1.mavenprojectdemo.NewGitProject@1563da5]" name="pro" duration-ms="54" started-at="2021-11-27T15:07:44 IST" finished-at="2021-11-27T15:07:44 IST">
          <reporter-output>
          </reporter-output>
        </test-method> <!-- pro -->
      </class> <!-- demo1.mavenprojectdemo.NewGitProject -->
    </test> <!-- Test -->
  </suite> <!-- Suite -->
</testng-results>
